0 info it worked if it ends with ok
1 verbose cli [ '/usr/bin/node', '/usr/bin/npm', 'install' ]
2 info using npm@1.4.28
3 info using node@v0.10.34
4 verbose node symlink /usr/bin/node
5 warn package.json node-test@0.0.0 No repository field.
6 warn package.json node-test@0.0.0 No README data
7 verbose readDependencies using package.json deps
8 verbose install where, deps [ '/home/issaq/Desktop/demo', [ 'express', 'azure-mgmt-sql' ] ]
9 info preinstall node-test@0.0.0
10 verbose readDependencies using package.json deps
11 verbose cache add [ 'azure-mgmt-sql@^*', null ]
12 verbose cache add name=undefined spec="azure-mgmt-sql@^*" args=["azure-mgmt-sql@^*",null]
13 verbose parsed url { protocol: null,
13 verbose parsed url   slashes: null,
13 verbose parsed url   auth: null,
13 verbose parsed url   host: null,
13 verbose parsed url   port: null,
13 verbose parsed url   hostname: null,
13 verbose parsed url   hash: null,
13 verbose parsed url   search: null,
13 verbose parsed url   query: null,
13 verbose parsed url   pathname: 'azure-mgmt-sql@^*',
13 verbose parsed url   path: 'azure-mgmt-sql@^*',
13 verbose parsed url   href: 'azure-mgmt-sql@^*' }
14 verbose already installed skipping express@4.9.1 /home/issaq/Desktop/demo
15 verbose cache add name="azure-mgmt-sql" spec="^*" args=["azure-mgmt-sql","^*"]
16 verbose parsed url { protocol: null,
16 verbose parsed url   slashes: null,
16 verbose parsed url   auth: null,
16 verbose parsed url   host: null,
16 verbose parsed url   port: null,
16 verbose parsed url   hostname: null,
16 verbose parsed url   hash: null,
16 verbose parsed url   search: null,
16 verbose parsed url   query: null,
16 verbose parsed url   pathname: '^*',
16 verbose parsed url   path: '^*',
16 verbose parsed url   href: '^*' }
17 verbose addNamed [ 'azure-mgmt-sql', '^*' ]
18 verbose addNamed [ null, '*' ]
19 silly lockFile 7490d757-azure-mgmt-sql azure-mgmt-sql@^*
20 verbose lock azure-mgmt-sql@^* /home/issaq/.npm/7490d757-azure-mgmt-sql.lock
21 silly addNameRange { name: 'azure-mgmt-sql', range: '*', hasData: false }
22 verbose request where is /azure-mgmt-sql
23 verbose request registry https://registry.npmjs.org/
24 verbose request id 4e9e6c88ef8a4dca
25 verbose url raw /azure-mgmt-sql
26 verbose url resolving [ 'https://registry.npmjs.org/', './azure-mgmt-sql' ]
27 verbose url resolved https://registry.npmjs.org/azure-mgmt-sql
28 verbose request where is https://registry.npmjs.org/azure-mgmt-sql
29 info trying registry request attempt 1 at 10:11:24
30 verbose etag "305BL507TNDDF12NU1MRK5MOE"
31 http GET https://registry.npmjs.org/azure-mgmt-sql
32 http 200 https://registry.npmjs.org/azure-mgmt-sql
33 silly registry.get cb [ 200,
33 silly registry.get   { date: 'Fri, 02 Jan 2015 18:11:24 GMT',
33 silly registry.get     server: 'CouchDB/1.5.0 (Erlang OTP/R14B04)',
33 silly registry.get     etag: '"9WTDDU5PWXHBT1XOEYN80WMB8"',
33 silly registry.get     'content-type': 'application/json',
33 silly registry.get     'cache-control': 'max-age=60',
33 silly registry.get     'content-length': '27690',
33 silly registry.get     'accept-ranges': 'bytes',
33 silly registry.get     via: '1.1 varnish',
33 silly registry.get     age: '0',
33 silly registry.get     'x-served-by': 'cache-sjc3135-SJC',
33 silly registry.get     'x-cache': 'MISS',
33 silly registry.get     'x-cache-hits': '0',
33 silly registry.get     'x-timer': 'S1420222284.222537,VS0,VE32',
33 silly registry.get     vary: 'Accept',
33 silly registry.get     'keep-alive': 'timeout=10, max=50',
33 silly registry.get     connection: 'Keep-Alive' } ]
34 silly addNameRange number 2 { name: 'azure-mgmt-sql', range: '*', hasData: true }
35 silly addNameRange versions [ 'azure-mgmt-sql',
35 silly addNameRange   [ '0.9.0-pre.1',
35 silly addNameRange     '0.9.1-pre.2',
35 silly addNameRange     '0.9.2',
35 silly addNameRange     '0.9.3',
35 silly addNameRange     '0.9.4',
35 silly addNameRange     '0.9.5',
35 silly addNameRange     '0.9.6',
35 silly addNameRange     '0.9.7',
35 silly addNameRange     '0.9.8',
35 silly addNameRange     '0.9.9',
35 silly addNameRange     '0.9.10',
35 silly addNameRange     '0.9.11',
35 silly addNameRange     '0.9.12',
35 silly addNameRange     '0.9.13',
35 silly addNameRange     '0.9.14' ] ]
36 verbose addNamed [ 'azure-mgmt-sql', '0.9.14' ]
37 verbose addNamed [ '0.9.14', '0.9.14' ]
38 silly lockFile 01a224d6-azure-mgmt-sql-0-9-14 azure-mgmt-sql@0.9.14
39 verbose lock azure-mgmt-sql@0.9.14 /home/issaq/.npm/01a224d6-azure-mgmt-sql-0-9-14.lock
40 silly lockFile 4a9b3da5-mt-sql-azure-mgmt-sql-0-9-14-tgz https://registry.npmjs.org/azure-mgmt-sql/-/azure-mgmt-sql-0.9.14.tgz
41 verbose lock https://registry.npmjs.org/azure-mgmt-sql/-/azure-mgmt-sql-0.9.14.tgz /home/issaq/.npm/4a9b3da5-mt-sql-azure-mgmt-sql-0-9-14-tgz.lock
42 verbose addRemoteTarball [ 'https://registry.npmjs.org/azure-mgmt-sql/-/azure-mgmt-sql-0.9.14.tgz',
42 verbose addRemoteTarball   'b0f90e25602dc367dae87eae671a07394d819502' ]
43 info retry fetch attempt 1 at 10:11:24
44 verbose fetch to= /tmp/npm-9060-4ZLy79XI/registry.npmjs.org/azure-mgmt-sql/-/azure-mgmt-sql-0.9.14.tgz
45 http GET https://registry.npmjs.org/azure-mgmt-sql/-/azure-mgmt-sql-0.9.14.tgz
46 http 200 https://registry.npmjs.org/azure-mgmt-sql/-/azure-mgmt-sql-0.9.14.tgz
47 silly lockFile 4a9b3da5-mt-sql-azure-mgmt-sql-0-9-14-tgz https://registry.npmjs.org/azure-mgmt-sql/-/azure-mgmt-sql-0.9.14.tgz
48 silly lockFile 4a9b3da5-mt-sql-azure-mgmt-sql-0-9-14-tgz https://registry.npmjs.org/azure-mgmt-sql/-/azure-mgmt-sql-0.9.14.tgz
49 silly lockFile 01a224d6-azure-mgmt-sql-0-9-14 azure-mgmt-sql@0.9.14
50 silly lockFile 01a224d6-azure-mgmt-sql-0-9-14 azure-mgmt-sql@0.9.14
51 silly lockFile 7490d757-azure-mgmt-sql azure-mgmt-sql@^*
52 silly lockFile 7490d757-azure-mgmt-sql azure-mgmt-sql@^*
53 error Error: EACCES, mkdir '/home/issaq/.npm/azure-mgmt-sql/0.9.14'
53 error  { [Error: EACCES, mkdir '/home/issaq/.npm/azure-mgmt-sql/0.9.14']
53 error   errno: 3,
53 error   code: 'EACCES',
53 error   path: '/home/issaq/.npm/azure-mgmt-sql/0.9.14',
53 error   parent: 'node-test' }
54 error Please try running this command again as root/Administrator.
55 error System Linux 3.16.0-031600-lowlatency
56 error command "/usr/bin/node" "/usr/bin/npm" "install"
57 error cwd /home/issaq/Desktop/demo
58 error node -v v0.10.34
59 error npm -v 1.4.28
60 error path /home/issaq/.npm/azure-mgmt-sql/0.9.14
61 error code EACCES
62 error errno 3
63 error stack Error: EACCES, mkdir '/home/issaq/.npm/azure-mgmt-sql/0.9.14'
64 verbose exit [ 3, true ]
